<?xml version="1.0" encoding="UTF-8"?>
<testng-results ignored="0" total="1" passed="1" failed="0" skipped="0">
  <reporter-output>
  </reporter-output>
  <suite started-at="2022-09-20T16:59:14 IST" name="Default suite" finished-at="2022-09-20T16:59:24 IST" duration-ms="10230">
    <groups>
    </groups>
    <test started-at="2022-09-20T16:59:14 IST" name="Default test" finished-at="2022-09-20T16:59:24 IST" duration-ms="10230">
      <class name="RahulShrtty.ExtendReport1.extendReportDemo">
        <test-method is-config="true" signature="config()[pri:0, instance:RahulShrtty.ExtendReport1.extendReportDemo@a38c7fe]" started-at="2022-09-20T16:59:14 IST" name="config" finished-at="2022-09-20T16:59:14 IST" duration-ms="341" status="PASS">
          <reporter-output>
          </reporter-output>
        </test-method> <!-- config -->
        <test-method signature="initialDemo()[pri:0, instance:RahulShrtty.ExtendReport1.extendReportDemo@a38c7fe]" started-at="2022-09-20T16:59:14 IST" name="initialDemo" finished-at="2022-09-20T16:59:24 IST" duration-ms="9848" status="PASS">
          <reporter-output>
          </reporter-output>
        </test-method> <!-- initialDemo -->
      </class> <!-- RahulShrtty.ExtendReport1.extendReportDemo -->
    </test> <!-- Default test -->
  </suite> <!-- Default suite -->
</testng-results>
